<?xml version="1.0" encoding="UTF-8"?>
<!-- Generated by org.testng.reporters.JUnitReportReporter -->
<testsuite hostname="DESKTOP-C4DMSED" failures="0" tests="1" name="eduTestNG.VerifyTitle1" time="12.480" errors="0" timestamp="03 Dec 2022 21:15:44 GMT" skipped="0">
  <testcase classname="eduTestNG.VerifyTitle1" name="verifyRediffTitle" time="12.480"/>
</testsuite> <!-- eduTestNG.VerifyTitle1 -->
