<?xml version="1.0" encoding="UTF-8"?>
<!-- Generated by org.testng.reporters.JUnitReportReporter -->
<testsuite hostname="DESKTOP-C4DMSED" failures="0" tests="1" name="eduTestNG.VerifyTitle" time="10.797" errors="0" timestamp="03 Dec 2022 21:15:44 GMT" skipped="0">
  <testcase classname="eduTestNG.VerifyTitle" name="verifyGoogleTitle" time="10.797"/>
</testsuite> <!-- eduTestNG.VerifyTitle -->
