<?xml version="1.0" encoding="UTF-8"?>
<!-- Generated by org.testng.reporters.JUnitReportReporter -->
<testsuite hostname="DESKTOP-C4DMSED" failures="0" tests="2" name="eduTestNG.ParameterizationUsingXML" time="0.928" errors="0" timestamp="24 Mar 2023 23:05:27 GMT" skipped="0">
  <testcase classname="eduTestNG.ParameterizationUsingXML" name="checkBoxTest" time="0.896"/>
  <testcase classname="eduTestNG.ParameterizationUsingXML" name="homePageTitle" time="0.032"/>
</testsuite> <!-- eduTestNG.ParameterizationUsingXML -->
